1675018980858:authors
1675019004272:genres
1675019012706:booksCount
1675019034723:insertBook SLKDFJ 1 1
1675019155943:bookById 1
1675019160950:bookById 100
1675019169157:allBooks
1675019197943:booksByAuthorId 1
1675019214375:booksByGenreId
1675019218664:booksByGenreId 1
1675019226633:booksByAuthorIdAndGenreId 1 1
1675019237207:updateBook 1
1675019247017:updateBook 1 alksdj 1 1
1675019386471:deleteBookById 1
1675019435975:bookById 1
1675019439320:bookById 2
1675019899477:commentsByBookId 1
1675019919042:commentsByBookId 2
1675019930370:commentsByBookId 1
1675019933446:commentsByBookId 3
1675019935923:commentsByBookId 4
1675020005894:commentsByBookId 1
1675020009924:commentsByBookId 2
1675020012693:commentsByBookId 3
1675020287906:commentsByBookId
1675020291055:commentsByBookId 1
1675022530009:bookById 1
1675023780295:bookById 2
1675024453635:bookById 1
1675024680070:bookById
1675024682003:bookById 1
1675024747302:bookById 2
1675024768023:bookById 1
